Using pre-set license
Built from '6000.0/staging' branch; Version is '6000.0.39f1 (15ea7ed0b100) revision 1436286'; Using compiler version '193933523'; Build Type 'Release'
OS: 'Windows 10  (10.0.19045) 64bit Core' Language: 'en' Physical Memory: 32627 MB
BatchMode: 1, IsHumanControllingUs: 0, StartBugReporterOnCrash: 0, Is64bit: 1, IsPro: 1

COMMAND LINE ARGUMENTS:
C:\Program Files\Unity\Hub\Editor\6000.0.39f1\Editor\Unity.exe
-adb2
-batchMode
-noUpm
-name
AssetImportWorker6
-projectPath
C:/Users/Sidas/Desktop/Simone/GMD
-logFile
Logs/AssetImportWorker6.log
-srvPort
50237
-job-worker-count
7
-background-job-worker-count
8
-gc-helper-count
1
Successfully changed project path to: C:/Users/Sidas/Desktop/Simone/GMD
C:/Users/Sidas/Desktop/Simone/GMD
[UnityMemory] Configuration Parameters - Can be set up in boot.config
    "memorysetup-bucket-allocator-granularity=16"
    "memorysetup-bucket-allocator-bucket-count=8"
    "memorysetup-bucket-allocator-block-size=33554432"
    "memorysetup-bucket-allocator-block-count=8"
    "memorysetup-main-allocator-block-size=16777216"
    "memorysetup-thread-allocator-block-size=16777216"
    "memorysetup-gfx-main-allocator-block-size=16777216"
    "memorysetup-gfx-thread-allocator-block-size=16777216"
    "memorysetup-cache-allocator-block-size=4194304"
    "memorysetup-typetree-allocator-block-size=2097152"
    "memorysetup-profiler-bucket-allocator-granularity=16"
    "memorysetup-profiler-bucket-allocator-bucket-count=8"
    "memorysetup-profiler-bucket-allocator-block-size=33554432"
    "memorysetup-profiler-bucket-allocator-block-count=8"
    "memorysetup-profiler-allocator-block-size=16777216"
    "memorysetup-profiler-editor-allocator-block-size=1048576"
    "memorysetup-temp-allocator-size-main=16777216"
    "memorysetup-job-temp-allocator-block-size=2097152"
    "memorysetup-job-temp-allocator-block-size-background=1048576"
    "memorysetup-job-temp-allocator-reduction-small-platforms=262144"
    "memorysetup-allocator-temp-initial-block-size-main=262144"
    "memorysetup-allocator-temp-initial-block-size-worker=262144"
    "memorysetup-temp-allocator-size-background-worker=32768"
    "memorysetup-temp-allocator-size-job-worker=262144"
    "memorysetup-temp-allocator-size-preload-manager=33554432"
    "memorysetup-temp-allocator-size-nav-mesh-worker=65536"
    "memorysetup-temp-allocator-size-audio-worker=65536"
    "memorysetup-temp-allocator-size-cloud-worker=32768"
    "memorysetup-temp-allocator-size-gi-baking-worker=262144"
    "memorysetup-temp-allocator-size-gi-baking-worker=262144"
    "memorysetup-temp-allocator-size-gi-baking-worker=262144"
    "memorysetup-temp-allocator-size-gi-baking-worker=262144"
    "memorysetup-temp-allocator-size-gi-baking-worker=262144"
    "memorysetup-temp-allocator-size-gfx=262144"
Player connection [4836]  Target information:

Player connection [4836]  * "[IP] 192.168.0.14 [Port] 0 [Flags] 2 [Guid] 3466450399 [EditorId] 3466450399 [Version] 1048832 [Id] WindowsEditor(7,DESKTOP-45KCFTF) [Debug] 1 [PackageName] WindowsEditor [ProjectName] Editor" 

Player connection [4836]  * "[IP] 192.168.179.1 [Port] 0 [Flags] 2 [Guid] 3466450399 [EditorId] 3466450399 [Version] 1048832 [Id] WindowsEditor(7,DESKTOP-45KCFTF) [Debug] 1 [PackageName] WindowsEditor [ProjectName] Editor" 

Player connection [4836]  * "[IP] 192.168.197.1 [Port] 0 [Flags] 2 [Guid] 3466450399 [EditorId] 3466450399 [Version] 1048832 [Id] WindowsEditor(7,DESKTOP-45KCFTF) [Debug] 1 [PackageName] WindowsEditor [ProjectName] Editor" 

Player connection [4836] Host joined multi-casting on [225.0.0.222:54997]...
Player connection [4836] Host joined alternative multi-casting on [225.0.0.222:34997]...
JobSystem: Creating JobQueue using job-worker-count value 7
Input System module state changed to: Initialized.
[Physics::Module] Initialized fallback backend.
[Physics::Module] Id: 0xdecafbad
Library Redirect Path: Library/
[Physics::Module] Selected backend.
[Physics::Module] Name: PhysX
[Physics::Module] Id: 0xf2b8ea05
[Physics::Module] SDK Version: 4.1.2
[Physics::Module] Integration Version: 1.0.0
[Physics::Module] Threading Mode: Multi-Threaded
Refreshing native plugins compatible for Editor in 1.51 ms, found 3 plugins.
Preloading 0 native plugins for Editor in 0.00 ms.
Initialize engine version: 6000.0.39f1 (15ea7ed0b100)
[Subsystems] Discovering subsystems at path C:/Program Files/Unity/Hub/Editor/6000.0.39f1/Editor/Data/Resources/UnitySubsystems
[Subsystems] Discovering subsystems at path C:/Users/Sidas/Desktop/Simone/GMD/Assets
GfxDevice: creating device client; kGfxThreadingModeNonThreaded
Direct3D:
    Version:  Direct3D 11.0 [level 11.1]
    Renderer: NVIDIA GeForce RTX 3060 Ti (ID=0x2489)
    Vendor:   NVIDIA
    VRAM:     8024 MB
    Driver:   32.0.15.7216
Initialize mono
Mono path[0] = 'C:/Program Files/Unity/Hub/Editor/6000.0.39f1/Editor/Data/Managed'
Mono path[1] = 'C:/Program Files/Unity/Hub/Editor/6000.0.39f1/Editor/Data/MonoBleedingEdge/lib/mono/unityjit-win32'
Mono config path = 'C:/Program Files/Unity/Hub/Editor/6000.0.39f1/Editor/Data/MonoBleedingEdge/etc'
Using monoOptions --debugger-agent=transport=dt_socket,embedding=1,server=y,suspend=n,address=127.0.0.1:56892
Begin MonoManager ReloadAssembly
Registering precompiled unity dll's ...
Register platform support module: C:/Program Files/Unity/Hub/Editor/6000.0.39f1/Editor/Data/PlaybackEngines/WebGLSupport/UnityEditor.WebGL.Extensions.dll
Register platform support module: C:/Program Files/Unity/Hub/Editor/6000.0.39f1/Editor/Data/PlaybackEngines/WindowsStandaloneSupport/UnityEditor.WindowsStandalone.Extensions.dll
Registered in 0.003788 seconds.
- Loaded All Assemblies, in  0.411 seconds
Native extension for WindowsStandalone target not found
Native extension for WebGL target not found
Mono: successfully reloaded assembly
- Finished resetting the current domain, in  0.324 seconds
Domain Reload Profiling: 732ms
	BeginReloadAssembly (133ms)
		ExecutionOrderSort (0ms)
		DisableScriptedObjects (0ms)
		BackupInstance (0ms)
		ReleaseScriptingObjects (0ms)
		CreateAndSetChildDomain (1ms)
	RebuildCommonClasses (37ms)
	RebuildNativeTypeToScriptingClass (12ms)
	initialDomainReloadingComplete (53ms)
	LoadAllAssembliesAndSetupDomain (172ms)
		LoadAssemblies (130ms)
		RebuildTransferFunctionScriptingTraits (0ms)
		AnalyzeDomain (169ms)
			TypeCache.Refresh (168ms)
				TypeCache.ScanAssembly (155ms)
			BuildScriptInfoCaches (0ms)
			ResolveRequiredComponents (0ms)
	FinalizeReload (325ms)
		ReleaseScriptCaches (0ms)
		RebuildScriptCaches (0ms)
		SetupLoadedEditorAssemblies (276ms)
			LogAssemblyErrors (0ms)
			InitializePlatformSupportModulesInManaged (27ms)
			SetLoadedEditorAssemblies (4ms)
			BeforeProcessingInitializeOnLoad (51ms)
			ProcessInitializeOnLoadAttributes (140ms)
			ProcessInitializeOnLoadMethodAttributes (54ms)
			AfterProcessingInitializeOnLoad (0ms)
			EditorAssembliesLoaded (0ms)
		ExecutionOrderSort2 (0ms)
		AwakeInstancesAfterBackupRestoration (0ms)
========================================================================
Worker process is ready to serve import requests
Import Worker Mode flag is 0x00
Begin MonoManager ReloadAssembly
- Loaded All Assemblies, in  0.955 seconds
Refreshing native plugins compatible for Editor in 1.52 ms, found 3 plugins.
Native extension for WindowsStandalone target not found
Native extension for WebGL target not found
Mono: successfully reloaded assembly
- Finished resetting the current domain, in  0.829 seconds
Domain Reload Profiling: 1777ms
	BeginReloadAssembly (189ms)
		ExecutionOrderSort (0ms)
		DisableScriptedObjects (7ms)
		BackupInstance (0ms)
		ReleaseScriptingObjects (0ms)
		CreateAndSetChildDomain (36ms)
	RebuildCommonClasses (39ms)
	RebuildNativeTypeToScriptingClass (11ms)
	initialDomainReloadingComplete (52ms)
	LoadAllAssembliesAndSetupDomain (656ms)
		LoadAssemblies (426ms)
		RebuildTransferFunctionScriptingTraits (0ms)
		AnalyzeDomain (334ms)
			TypeCache.Refresh (276ms)
				TypeCache.ScanAssembly (256ms)
			BuildScriptInfoCaches (45ms)
			ResolveRequiredComponents (11ms)
	FinalizeReload (830ms)
		ReleaseScriptCaches (0ms)
		RebuildScriptCaches (0ms)
		SetupLoadedEditorAssemblies (636ms)
			LogAssemblyErrors (0ms)
			InitializePlatformSupportModulesInManaged (4ms)
			SetLoadedEditorAssemblies (5ms)
			BeforeProcessingInitializeOnLoad (109ms)
			ProcessInitializeOnLoadAttributes (379ms)
			ProcessInitializeOnLoadMethodAttributes (130ms)
			AfterProcessingInitializeOnLoad (8ms)
			EditorAssembliesLoaded (0ms)
		ExecutionOrderSort2 (0ms)
		AwakeInstancesAfterBackupRestoration (6ms)
Launched and connected shader compiler UnityShaderCompiler.exe after 0.01 seconds
Refreshing native plugins compatible for Editor in 1.85 ms, found 3 plugins.
Preloading 0 native plugins for Editor in 0.00 ms.
Unloading 210 Unused Serialized files (Serialized files now loaded: 0)
Unloading 5962 unused Assets / (6.2 MB). Loaded Objects now: 6639.
Memory consumption went from 188.6 MB to 182.4 MB.
Total: 15.939700 ms (FindLiveObjects: 0.753100 ms CreateObjectMapping: 1.493900 ms MarkObjects: 7.091400 ms  DeleteObjects: 6.599800 ms)

========================================================================
Received Import Request.
  Time since last request: 16829.625227 seconds.
  path: Assets/Fristy Fantasy Lands 1/Fristy Fantasy Lands 1/Meshes/Trees/Materials/Tree_1_Billboard.mat
  artifactKey: Guid(c1757e1f50a32e540895e88f28312dbf) Importer(815301076,1909f56bfc062723c751e8b465ee728b)
Start importing Assets/Fristy Fantasy Lands 1/Fristy Fantasy Lands 1/Meshes/Trees/Materials/Tree_1_Billboard.mat using Guid(c1757e1f50a32e540895e88f28312dbf) Importer(815301076,1909f56bfc062723c751e8b465ee728b) (PreviewImporter) -> (artifact id: '2cd8e32dc7a3901b1432cf8ac967a45b') in 4.9945943 seconds
Number of updated asset objects reloaded before import = 0Number of asset objects unloaded after import = 2

========================================================================
Received Import Request.
  Time since last request: 0.000038 seconds.
  path: Assets/Polytope Studio/Lowpoly_Environments/Sources/Materials/PT_Rocks_mat.mat
  artifactKey: Guid(93415edde47040648869ae6638d33ced) Importer(815301076,1909f56bfc062723c751e8b465ee728b)
Start importing Assets/Polytope Studio/Lowpoly_Environments/Sources/Materials/PT_Rocks_mat.mat using Guid(93415edde47040648869ae6638d33ced) Importer(815301076,1909f56bfc062723c751e8b465ee728b) (PreviewImporter) -> (artifact id: '791e3c6198f8f737e28b1ccd37339de8') in 0.0677455 seconds
Number of updated asset objects reloaded before import = 0Number of asset objects unloaded after import = 3

========================================================================
Received Import Request.
  Time since last request: 0.000035 seconds.
  path: Assets/Fristy Fantasy Lands 1/Fristy Fantasy Lands 1/Materials/New Material.mat
  artifactKey: Guid(f9a037b4d234c4f459a57d8d8acc0e2c) Importer(815301076,1909f56bfc062723c751e8b465ee728b)
Start importing Assets/Fristy Fantasy Lands 1/Fristy Fantasy Lands 1/Materials/New Material.mat using Guid(f9a037b4d234c4f459a57d8d8acc0e2c) Importer(815301076,1909f56bfc062723c751e8b465ee728b) (PreviewImporter) -> (artifact id: '8447a5c29502890d3f92f71858bca435') in 0.088768 seconds
Number of updated asset objects reloaded before import = 0Number of asset objects unloaded after import = 1

========================================================================
Received Import Request.
  Time since last request: 0.000024 seconds.
  path: Assets/Fristy Fantasy Lands 1/Fristy Fantasy Lands 1/Shaders/URP/Fristy Standard.shadergraph
  artifactKey: Guid(c436b27e390f85744b0ad0308ae37f69) Importer(815301076,1909f56bfc062723c751e8b465ee728b)
Start importing Assets/Fristy Fantasy Lands 1/Fristy Fantasy Lands 1/Shaders/URP/Fristy Standard.shadergraph using Guid(c436b27e390f85744b0ad0308ae37f69) Importer(815301076,1909f56bfc062723c751e8b465ee728b) (PreviewImporter) -> (artifact id: '94d47f9d730e092ae2ca3168314a2dc6') in 0.037032 seconds
Number of updated asset objects reloaded before import = 0Number of asset objects unloaded after import = 2

========================================================================
Received Import Request.
  Time since last request: 0.000019 seconds.
  path: Assets/Fristy Fantasy Lands 1/Fristy Fantasy Lands 1/Meshes/Plants/Materials/Plants_Billboard.mat
  artifactKey: Guid(e0a4063335c6350439cf8ee18314ed44) Importer(815301076,1909f56bfc062723c751e8b465ee728b)
Start importing Assets/Fristy Fantasy Lands 1/Fristy Fantasy Lands 1/Meshes/Plants/Materials/Plants_Billboard.mat using Guid(e0a4063335c6350439cf8ee18314ed44) Importer(815301076,1909f56bfc062723c751e8b465ee728b) (PreviewImporter) -> (artifact id: 'fa9410c7ee5db3f1c01f2d971e762c37') in 4.945149 seconds
Number of updated asset objects reloaded before import = 0Number of asset objects unloaded after import = 8

========================================================================
Received Import Request.
  Time since last request: 0.000029 seconds.
  path: Assets/Fristy Fantasy Lands 1/Fristy Fantasy Lands 1/Meshes/Plants/Materials/No Name.mat
  artifactKey: Guid(8bcd3caf32ab5c04886da436faf5e8fc) Importer(815301076,1909f56bfc062723c751e8b465ee728b)
Start importing Assets/Fristy Fantasy Lands 1/Fristy Fantasy Lands 1/Meshes/Plants/Materials/No Name.mat using Guid(8bcd3caf32ab5c04886da436faf5e8fc) Importer(815301076,1909f56bfc062723c751e8b465ee728b) (PreviewImporter) -> (artifact id: 'b9d0828b99a5ea608de9ea75e3c31eb0') in 0.0190804 seconds
Number of updated asset objects reloaded before import = 0Number of asset objects unloaded after import = 1

========================================================================
Received Import Request.
  Time since last request: 0.000035 seconds.
  path: Assets/Fristy Fantasy Lands 1/Fristy Fantasy Lands 1/Meshes/Trees/Materials/No Name.mat
  artifactKey: Guid(98aad535017528144b615ee2836e647a) Importer(815301076,1909f56bfc062723c751e8b465ee728b)
Start importing Assets/Fristy Fantasy Lands 1/Fristy Fantasy Lands 1/Meshes/Trees/Materials/No Name.mat using Guid(98aad535017528144b615ee2836e647a) Importer(815301076,1909f56bfc062723c751e8b465ee728b) (PreviewImporter) -> (artifact id: 'f794b9bacb3f87374d7cf2037190d50c') in 0.0184652 seconds
Number of updated asset objects reloaded before import = 0Number of asset objects unloaded after import = 1

========================================================================
Received Import Request.
  Time since last request: 0.000019 seconds.
  path: Assets/Fristy Fantasy Lands 1/Fristy Fantasy Lands 1/Shaders/HDRP/Procural Bark_HDRP.shadergraph
  artifactKey: Guid(458839f52f42f254588b20cbe0fa37f6) Importer(815301076,1909f56bfc062723c751e8b465ee728b)
Start importing Assets/Fristy Fantasy Lands 1/Fristy Fantasy Lands 1/Shaders/HDRP/Procural Bark_HDRP.shadergraph using Guid(458839f52f42f254588b20cbe0fa37f6) Importer(815301076,1909f56bfc062723c751e8b465ee728b) (PreviewImporter) -> (artifact id: '6fb87536073c0422439e82a6c8ed2086') in 5.496856 seconds
Number of updated asset objects reloaded before import = 0Number of asset objects unloaded after import = 2

Editor requested this worker to shutdown with reason: Scaling down because of idle timeout
AssetImportWorker is now disconnected from the server
Process exiting
Exiting without the bug reporter. Application will terminate with return code 0